  [1m[35m (93.1ms)[0m  [1m[35mCREATE DATABASE "cancancan_demo_development" ENCODING = 'unicode'[0m
  [1m[35m (84.7ms)[0m  [1m[35mCREATE DATABASE "cancancan_demo_test" ENCODING = 'unicode'[0m
  [1m[35m (15.9ms)[0m  [1m[35mCREATE TABLE "schema_migrations" ("version" character varying NOT NULL PRIMARY KEY)[0m
  [1m[35m (18.3ms)[0m  [1m[35mCREATE TABLE "ar_internal_metadata" ("key" character varying NOT NULL PRIMARY KEY, "value" character varying, "created_at" timestamp(6) NOT NULL, "updated_at" timestamp(6) NOT NULL)[0m
  [1m[35m (0.2ms)[0m  [1m[34mSELECT pg_try_advisory_lock(6190498489444714830)[0m
  [1m[35m (0.4ms)[0m  [1m[34mSELECT "schema_migrations"."version" FROM "schema_migrations" ORDER BY "schema_migrations"."version" ASC[0m
Migrating to CreateProjects (20210715050827)
  [1m[36mTRANSACTION (0.1ms)[0m  [1m[35mBEGIN[0m
  [1m[35m (7.1ms)[0m  [1m[35mCREATE TABLE "projects" ("id" bigserial primary key, "title" character varying, "created_at" timestamp(6) NOT NULL, "updated_at" timestamp(6) NOT NULL)[0m
  [1m[36mActiveRecord::SchemaMigration Create (0.4ms)[0m  [1m[32mINSERT INTO "schema_migrations" ("version") VALUES ($1) RETURNING "version"[0m  [["version", "20210715050827"]]
  [1m[36mTRANSACTION (1.3ms)[0m  [1m[35mCOMMIT[0m
Migrating to CreateUsers (20210715050836)
  [1m[36mTRANSACTION (0.2ms)[0m  [1m[35mBEGIN[0m
  [1m[35m (3.5ms)[0m  [1m[35mCREATE TABLE "users" ("id" bigserial primary key, "created_at" timestamp(6) NOT NULL, "updated_at" timestamp(6) NOT NULL)[0m
  [1m[36mActiveRecord::SchemaMigration Create (0.2ms)[0m  [1m[32mINSERT INTO "schema_migrations" ("version") VALUES ($1) RETURNING "version"[0m  [["version", "20210715050836"]]
  [1m[36mTRANSACTION (1.2ms)[0m  [1m[35mCOMMIT[0m
  [1m[36mActiveRecord::InternalMetadata Load (0.3ms)[0m  [1m[34mSELECT "ar_internal_metadata".* FROM "ar_internal_metadata" WHERE "ar_internal_metadata"."key" = $1 LIMIT $2[0m  [["key", "environment"], ["LIMIT", 1]]
  [1m[36mTRANSACTION (0.2ms)[0m  [1m[35mBEGIN[0m
  [1m[36mActiveRecord::InternalMetadata Create (0.9ms)[0m  [1m[32mINSERT INTO "ar_internal_metadata" ("key", "value", "created_at", "updated_at") VALUES ($1, $2, $3, $4) RETURNING "key"[0m  [["key", "environment"], ["value", "development"], ["created_at", "2021-07-15 05:59:30.806038"], ["updated_at", "2021-07-15 05:59:30.806038"]]
  [1m[36mTRANSACTION (1.3ms)[0m  [1m[35mCOMMIT[0m
  [1m[35m (0.2ms)[0m  [1m[34mSELECT pg_advisory_unlock(6190498489444714830)[0m
  [1m[35m (0.4ms)[0m  [1m[34mSELECT "schema_migrations"."version" FROM "schema_migrations" ORDER BY "schema_migrations"."version" ASC[0m
  [1m[35m (0.2ms)[0m  [1m[34mSELECT pg_try_advisory_lock(6190498489444714830)[0m
  [1m[35m (0.4ms)[0m  [1m[34mSELECT "schema_migrations"."version" FROM "schema_migrations" ORDER BY "schema_migrations"."version" ASC[0m
Migrating to AddOngoingToProjects (20210715062718)
  [1m[36mTRANSACTION (0.1ms)[0m  [1m[35mBEGIN[0m
  [1m[36mActiveRecord::SchemaMigration Create (0.2ms)[0m  [1m[32mINSERT INTO "schema_migrations" ("version") VALUES ($1) RETURNING "version"[0m  [["version", "20210715062718"]]
  [1m[36mTRANSACTION (1.9ms)[0m  [1m[35mCOMMIT[0m
  [1m[36mActiveRecord::InternalMetadata Load (0.3ms)[0m  [1m[34mSELECT "ar_internal_metadata".* FROM "ar_internal_metadata" WHERE "ar_internal_metadata"."key" = $1 LIMIT $2[0m  [["key", "environment"], ["LIMIT", 1]]
  [1m[35m (0.2ms)[0m  [1m[34mSELECT pg_advisory_unlock(6190498489444714830)[0m
  [1m[35m (0.4ms)[0m  [1m[34mSELECT "schema_migrations"."version" FROM "schema_migrations" ORDER BY "schema_migrations"."version" ASC[0m
Started GET "/users/sign_up" for 127.0.0.1 at 2021-07-15 12:10:29 +0530
  [1m[35m (0.9ms)[0m  [1m[34mSELECT "schema_migrations"."version" FROM "schema_migrations" ORDER BY "schema_migrations"."version" ASC[0m
  
ActionController::RoutingError (No route matches [GET] "/users/sign_up"):
  
Started GET "/" for 127.0.0.1 at 2021-07-15 12:10:49 +0530
  [1m[35m (1.1ms)[0m  [1m[34mSELECT "schema_migrations"."version" FROM "schema_migrations" ORDER BY "schema_migrations"."version" ASC[0m
Processing by PagesController#index as HTML
  Rendering layout layouts/application.html.erb
  Rendering pages/index.html.erb within layouts/application
  Rendered pages/index.html.erb within layouts/application (Duration: 17.6ms | Allocations: 2294)
  Rendered layout layouts/application.html.erb (Duration: 17.9ms | Allocations: 2388)
Completed 500 Internal Server Error in 32ms (ActiveRecord: 0.0ms | Allocations: 6314)


  
ActionView::Template::Error (undefined method `each' for nil:NilClass):
    1: <div class="page-header"><h1>Projects</h1></div>
    2:  <% @projects.each do |project| %>
    3:   <div class="well well-sm">
    4:     <h2><%= project.title %></h2>
    5:     <% if can? :update, project %>
  
app/views/pages/index.html.erb:2
Started GET "/" for 127.0.0.1 at 2021-07-15 12:13:10 +0530
  [1m[35m (0.8ms)[0m  [1m[34mSELECT "schema_migrations"."version" FROM "schema_migrations" ORDER BY "schema_migrations"."version" ASC[0m
Processing by PagesController#index as HTML
  Rendering layout layouts/application.html.erb
  Rendering pages/index.html.erb within layouts/application
  Rendered pages/index.html.erb within layouts/application (Duration: 30.6ms | Allocations: 2293)
[Webpacker] Compiling...
[Webpacker] Compiled all packs in /home/meet/Documents/tntra/cancancan-demo/public/packs
[Webpacker] Though the "loose" option was set to "false" in your @babel/preset-env config, it will not be used for @babel/plugin-proposal-private-methods since the "loose" mode option was set to "true" for @babel/plugin-proposal-class-properties.
The "loose" option must be the same for @babel/plugin-proposal-class-properties, @babel/plugin-proposal-private-methods and @babel/plugin-proposal-private-property-in-object (when they are enabled): you can silence this warning by explicitly adding
	["@babel/plugin-proposal-private-methods", { "loose": true }]
to the "plugins" section of your Babel config.
Though the "loose" option was set to "false" in your @babel/preset-env config, it will not be used for @babel/plugin-proposal-private-methods since the "loose" mode option was set to "true" for @babel/plugin-proposal-class-properties.
The "loose" option must be the same for @babel/plugin-proposal-class-properties, @babel/plugin-proposal-private-methods and @babel/plugin-proposal-private-property-in-object (when they are enabled): you can silence this warning by explicitly adding
	["@babel/plugin-proposal-private-methods", { "loose": true }]
to the "plugins" section of your Babel config.
Though the "loose" option was set to "false" in your @babel/preset-env config, it will not be used for @babel/plugin-proposal-private-methods since the "loose" mode option was set to "true" for @babel/plugin-proposal-class-properties.
The "loose" option must be the same for @babel/plugin-proposal-class-properties, @babel/plugin-proposal-private-methods and @babel/plugin-proposal-private-property-in-object (when they are enabled): you can silence this warning by explicitly adding
	["@babel/plugin-proposal-private-methods", { "loose": true }]
to the "plugins" section of your Babel config.
Though the "loose" option was set to "false" in your @babel/preset-env config, it will not be used for @babel/plugin-proposal-private-methods since the "loose" mode option was set to "true" for @babel/plugin-proposal-class-properties.
The "loose" option must be the same for @babel/plugin-proposal-class-properties, @babel/plugin-proposal-private-methods and @babel/plugin-proposal-private-property-in-object (when they are enabled): you can silence this warning by explicitly adding
	["@babel/plugin-proposal-private-methods", { "loose": true }]
to the "plugins" section of your Babel config.
Though the "loose" option was set to "false" in your @babel/preset-env config, it will not be used for @babel/plugin-proposal-private-methods since the "loose" mode option was set to "true" for @babel/plugin-proposal-class-properties.
The "loose" option must be the same for @babel/plugin-proposal-class-properties, @babel/plugin-proposal-private-methods and @babel/plugin-proposal-private-property-in-object (when they are enabled): you can silence this warning by explicitly adding
	["@babel/plugin-proposal-private-methods", { "loose": true }]
to the "plugins" section of your Babel config.
Though the "loose" option was set to "false" in your @babel/preset-env config, it will not be used for @babel/plugin-proposal-private-methods since the "loose" mode option was set to "true" for @babel/plugin-proposal-class-properties.
The "loose" option must be the same for @babel/plugin-proposal-class-properties, @babel/plugin-proposal-private-methods and @babel/plugin-proposal-private-property-in-object (when they are enabled): you can silence this warning by explicitly adding
	["@babel/plugin-proposal-private-methods", { "loose": true }]
to the "plugins" section of your Babel config.

[Webpacker] Hash: e2a8a876c5815bee1e21
Version: webpack 4.46.0
Time: 1443ms
Built at: 07/15/2021 12:13:13 PM
                                     Asset       Size       Chunks                         Chunk Names
    js/application-e421b4aa3f716bebdab1.js    125 KiB  application  [emitted] [immutable]  application
js/application-e421b4aa3f716bebdab1.js.map    139 KiB  application  [emitted] [dev]        application
                             manifest.json  364 bytes               [emitted]              
Entrypoint application = js/application-e421b4aa3f716bebdab1.js js/application-e421b4aa3f716bebdab1.js.map
[./app/javascript/channels sync recursive _channel\.js$] ./app/javascript/channels sync _channel\.js$ 160 bytes {application} [built]
[./app/javascript/channels/index.js] 211 bytes {application} [built]
[./app/javascript/packs/application.js] 492 bytes {application} [built]
[./node_modules/webpack/buildin/module.js] (webpack)/buildin/module.js 552 bytes {application} [built]
    + 3 hidden modules

  Rendered layout layouts/application.html.erb (Duration: 3202.0ms | Allocations: 23571)
Completed 200 OK in 3210ms (Views: 3199.8ms | ActiveRecord: 4.1ms | Allocations: 27157)


Started GET "/" for 127.0.0.1 at 2021-07-15 12:13:15 +0530
Processing by PagesController#index as HTML
  Rendering layout layouts/application.html.erb
  Rendering pages/index.html.erb within layouts/application
  Rendered pages/index.html.erb within layouts/application (Duration: 0.2ms | Allocations: 111)
[Webpacker] Everything's up-to-date. Nothing to do
  Rendered layout layouts/application.html.erb (Duration: 5.5ms | Allocations: 3538)
Completed 200 OK in 7ms (Views: 6.2ms | ActiveRecord: 0.0ms | Allocations: 4035)


Started PATCH "/sessions/0" for 127.0.0.1 at 2021-07-15 12:13:17 +0530
Processing by SessionsController#update as HTML
  Parameters: {"authenticity_token"=>"[FILTERED]", "id"=>"0"}
Completed 500 Internal Server Error in 5ms (ActiveRecord: 0.0ms | Allocations: 2148)


  
NoMethodError (undefined method `to_isession' for "0":String
Did you mean?  to_json):
  
app/controllers/sessions_controller.rb:5:in `update'
Started PATCH "/sessions/0" for 127.0.0.1 at 2021-07-15 12:14:36 +0530
Processing by SessionsController#update as HTML
  Parameters: {"authenticity_token"=>"[FILTERED]", "id"=>"0"}
Completed 500 Internal Server Error in 3ms (ActiveRecord: 0.0ms | Allocations: 2004)


  
NoMethodError (undefined method `to_isession' for "0":String
Did you mean?  to_json):
  
app/controllers/sessions_controller.rb:5:in `update'
Started GET "/" for 127.0.0.1 at 2021-07-15 12:14:54 +0530
  [1m[35m (1.0ms)[0m  [1m[34mSELECT "schema_migrations"."version" FROM "schema_migrations" ORDER BY "schema_migrations"."version" ASC[0m
Processing by PagesController#index as HTML
  Rendering layout layouts/application.html.erb
  Rendering pages/index.html.erb within layouts/application
  Rendered pages/index.html.erb within layouts/application (Duration: 18.6ms | Allocations: 2201)
[Webpacker] Everything's up-to-date. Nothing to do
  Rendered layout layouts/application.html.erb (Duration: 26.2ms | Allocations: 9308)
Completed 200 OK in 34ms (Views: 26.0ms | ActiveRecord: 1.9ms | Allocations: 13014)


Started PATCH "/sessions/1" for 127.0.0.1 at 2021-07-15 12:14:57 +0530
Processing by SessionsController#update as HTML
  Parameters: {"authenticity_token"=>"[FILTERED]", "id"=>"1"}
Completed 500 Internal Server Error in 2ms (ActiveRecord: 0.0ms | Allocations: 2121)


  
NoMethodError (undefined method `to_isession' for "1":String
Did you mean?  to_json):
  
app/controllers/sessions_controller.rb:5:in `update'
Started GET "/" for 127.0.0.1 at 2021-07-15 12:16:08 +0530
  [1m[35m (1.0ms)[0m  [1m[34mSELECT "schema_migrations"."version" FROM "schema_migrations" ORDER BY "schema_migrations"."version" ASC[0m
Processing by PagesController#index as HTML
  Rendering layout layouts/application.html.erb
  Rendering pages/index.html.erb within layouts/application
  Rendered pages/index.html.erb within layouts/application (Duration: 17.7ms | Allocations: 2162)
[Webpacker] Everything's up-to-date. Nothing to do
  Rendered layout layouts/application.html.erb (Duration: 28.3ms | Allocations: 9268)
Completed 200 OK in 38ms (Views: 28.0ms | ActiveRecord: 2.5ms | Allocations: 12974)


Started PATCH "/sessions/1" for 127.0.0.1 at 2021-07-15 12:16:11 +0530
Processing by SessionsController#update as HTML
  Parameters: {"authenticity_token"=>"[FILTERED]", "id"=>"1"}
Completed 500 Internal Server Error in 9ms (ActiveRecord: 0.0ms | Allocations: 2121)


  
NoMethodError (undefined method `to_isession' for "1":String
Did you mean?  to_json):
  
app/controllers/sessions_controller.rb:5:in `update'
Started GET "/" for 127.0.0.1 at 2021-07-15 12:16:37 +0530
Processing by PagesController#index as HTML
  Rendering layout layouts/application.html.erb
  Rendering pages/index.html.erb within layouts/application
  Rendered pages/index.html.erb within layouts/application (Duration: 4.1ms | Allocations: 1638)
[Webpacker] Everything's up-to-date. Nothing to do
  Rendered layout layouts/application.html.erb (Duration: 9.0ms | Allocations: 5131)
Completed 200 OK in 10ms (Views: 8.4ms | ActiveRecord: 1.4ms | Allocations: 5991)


Started GET "/" for 127.0.0.1 at 2021-07-15 12:16:39 +0530
Processing by PagesController#index as HTML
  Rendering layout layouts/application.html.erb
  Rendering pages/index.html.erb within layouts/application
  Rendered pages/index.html.erb within layouts/application (Duration: 0.3ms | Allocations: 103)
[Webpacker] Everything's up-to-date. Nothing to do
  Rendered layout layouts/application.html.erb (Duration: 8.9ms | Allocations: 3333)
Completed 200 OK in 11ms (Views: 9.9ms | ActiveRecord: 0.0ms | Allocations: 3857)


Started GET "/" for 127.0.0.1 at 2021-07-15 12:16:39 +0530
Processing by PagesController#index as HTML
  Rendering layout layouts/application.html.erb
  Rendering pages/index.html.erb within layouts/application
  Rendered pages/index.html.erb within layouts/application (Duration: 0.1ms | Allocations: 101)
[Webpacker] Everything's up-to-date. Nothing to do
  Rendered layout layouts/application.html.erb (Duration: 5.4ms | Allocations: 3318)
Completed 200 OK in 7ms (Views: 6.1ms | ActiveRecord: 0.0ms | Allocations: 3775)


Started GET "/" for 127.0.0.1 at 2021-07-15 12:16:39 +0530
Processing by PagesController#index as HTML
  Rendering layout layouts/application.html.erb
  Rendering pages/index.html.erb within layouts/application
  Rendered pages/index.html.erb within layouts/application (Duration: 0.1ms | Allocations: 101)
[Webpacker] Everything's up-to-date. Nothing to do
  Rendered layout layouts/application.html.erb (Duration: 3.2ms | Allocations: 3311)
Completed 200 OK in 4ms (Views: 3.6ms | ActiveRecord: 0.0ms | Allocations: 3767)


Started PATCH "/sessions/2" for 127.0.0.1 at 2021-07-15 12:16:41 +0530
Processing by SessionsController#update as HTML
  Parameters: {"authenticity_token"=>"[FILTERED]", "id"=>"2"}
Completed 500 Internal Server Error in 2ms (ActiveRecord: 0.0ms | Allocations: 2040)


  
NoMethodError (undefined method `to_isession' for "2":String
Did you mean?  to_json):
  
app/controllers/sessions_controller.rb:5:in `update'
Started GET "/" for 127.0.0.1 at 2021-07-15 12:17:11 +0530
Processing by PagesController#index as HTML
  Rendering layout layouts/application.html.erb
  Rendering pages/index.html.erb within layouts/application
  Rendered pages/index.html.erb within layouts/application (Duration: 5.1ms | Allocations: 1632)
[Webpacker] Everything's up-to-date. Nothing to do
  Rendered layout layouts/application.html.erb (Duration: 11.0ms | Allocations: 5139)
Completed 200 OK in 13ms (Views: 10.2ms | ActiveRecord: 1.6ms | Allocations: 6001)


Started GET "/" for 127.0.0.1 at 2021-07-15 12:17:12 +0530
Processing by PagesController#index as HTML
  Rendering layout layouts/application.html.erb
  Rendering pages/index.html.erb within layouts/application
  Rendered pages/index.html.erb within layouts/application (Duration: 0.1ms | Allocations: 103)
[Webpacker] Everything's up-to-date. Nothing to do
  Rendered layout layouts/application.html.erb (Duration: 3.4ms | Allocations: 3314)
Completed 200 OK in 5ms (Views: 3.8ms | ActiveRecord: 0.0ms | Allocations: 3835)


Started GET "/" for 127.0.0.1 at 2021-07-15 12:17:12 +0530
Processing by PagesController#index as HTML
  Rendering layout layouts/application.html.erb
  Rendering pages/index.html.erb within layouts/application
  Rendered pages/index.html.erb within layouts/application (Duration: 0.1ms | Allocations: 101)
[Webpacker] Everything's up-to-date. Nothing to do
  Rendered layout layouts/application.html.erb (Duration: 3.2ms | Allocations: 3311)
Completed 200 OK in 4ms (Views: 3.5ms | ActiveRecord: 0.0ms | Allocations: 3767)


Started GET "/" for 127.0.0.1 at 2021-07-15 12:17:12 +0530
Processing by PagesController#index as HTML
  Rendering layout layouts/application.html.erb
  Rendering pages/index.html.erb within layouts/application
  Rendered pages/index.html.erb within layouts/application (Duration: 0.1ms | Allocations: 101)
[Webpacker] Everything's up-to-date. Nothing to do
  Rendered layout layouts/application.html.erb (Duration: 4.6ms | Allocations: 3311)
Completed 200 OK in 6ms (Views: 5.2ms | ActiveRecord: 0.0ms | Allocations: 3767)


Started GET "/" for 127.0.0.1 at 2021-07-15 12:17:12 +0530
Processing by PagesController#index as HTML
  Rendering layout layouts/application.html.erb
  Rendering pages/index.html.erb within layouts/application
  Rendered pages/index.html.erb within layouts/application (Duration: 0.2ms | Allocations: 101)
[Webpacker] Everything's up-to-date. Nothing to do
  Rendered layout layouts/application.html.erb (Duration: 9.6ms | Allocations: 3825)
Completed 200 OK in 11ms (Views: 10.2ms | ActiveRecord: 0.0ms | Allocations: 4281)


Started PATCH "/sessions/2" for 127.0.0.1 at 2021-07-15 12:17:14 +0530
Processing by SessionsController#update as HTML
  Parameters: {"authenticity_token"=>"[FILTERED]", "id"=>"2"}
Redirected to http://localhost:3000/
Completed 302 Found in 4ms (ActiveRecord: 0.0ms | Allocations: 566)


Started GET "/" for 127.0.0.1 at 2021-07-15 12:17:14 +0530
Processing by PagesController#index as HTML
  Rendering layout layouts/application.html.erb
  Rendering pages/index.html.erb within layouts/application
  Rendered pages/index.html.erb within layouts/application (Duration: 0.9ms | Allocations: 341)
[Webpacker] Everything's up-to-date. Nothing to do
  Rendered layout layouts/application.html.erb (Duration: 8.5ms | Allocations: 3721)
Completed 200 OK in 11ms (Views: 9.5ms | ActiveRecord: 0.0ms | Allocations: 4227)


Started PATCH "/sessions/3" for 127.0.0.1 at 2021-07-15 12:17:19 +0530
Processing by SessionsController#update as HTML
  Parameters: {"authenticity_token"=>"[FILTERED]", "id"=>"3"}
Redirected to http://localhost:3000/
Completed 302 Found in 1ms (ActiveRecord: 0.0ms | Allocations: 325)


Started GET "/" for 127.0.0.1 at 2021-07-15 12:17:19 +0530
Processing by PagesController#index as HTML
  Rendering layout layouts/application.html.erb
  Rendering pages/index.html.erb within layouts/application
  Rendered pages/index.html.erb within layouts/application (Duration: 0.7ms | Allocations: 191)
[Webpacker] Everything's up-to-date. Nothing to do
  Rendered layout layouts/application.html.erb (Duration: 4.5ms | Allocations: 3433)
Completed 200 OK in 6ms (Views: 5.2ms | ActiveRecord: 0.0ms | Allocations: 3898)


Started GET "/projects" for 127.0.0.1 at 2021-07-15 12:17:23 +0530
Processing by ProjectsController#index as HTML
  Rendering layout layouts/application.html.erb
  Rendering projects/index.html.erb within layouts/application
  [1m[36mProject Load (1.4ms)[0m  [1m[34mSELECT "projects".* FROM "projects" ORDER BY created_at DESC[0m
  ↳ app/views/projects/index.html.erb:2
  Rendered projects/index.html.erb within layouts/application (Duration: 3.1ms | Allocations: 1217)
[Webpacker] Everything's up-to-date. Nothing to do
  Rendered layout layouts/application.html.erb (Duration: 7.3ms | Allocations: 4767)
Completed 200 OK in 11ms (Views: 7.3ms | ActiveRecord: 1.4ms | Allocations: 6915)


Started GET "/projects/new" for 127.0.0.1 at 2021-07-15 12:17:25 +0530
Processing by ProjectsController#new as HTML
  Rendering layout layouts/application.html.erb
  Rendering projects/new.html.erb within layouts/application
  Rendered projects/_form.html.erb (Duration: 20.5ms | Allocations: 7763)
  Rendered projects/new.html.erb within layouts/application (Duration: 22.0ms | Allocations: 8084)
  Rendered layout layouts/application.html.erb (Duration: 22.2ms | Allocations: 8153)
Completed 500 Internal Server Error in 39ms (ActiveRecord: 7.2ms | Allocations: 12193)


  
ActionView::Template::Error (undefined method `ongoing' for #<Project id: nil, title: nil, created_at: nil, updated_at: nil>):
     6: 
     7:   <div class="form-group">
     8:     <%= f.label :ongoing %>
     9:     <%= f.check_box :ongoing %>
    10:   </div>
    11: <%= f.submit 'Post', class: 'btn btn-primary' %>
    12: <% end %>
  
app/views/projects/_form.html.erb:9
app/views/projects/_form.html.erb:1
app/views/projects/new.html.erb:2
Started GET "/projects" for 127.0.0.1 at 2021-07-15 12:17:32 +0530
Processing by ProjectsController#index as HTML
  Rendering layout layouts/application.html.erb
  Rendering projects/index.html.erb within layouts/application
  [1m[36mProject Load (1.5ms)[0m  [1m[34mSELECT "projects".* FROM "projects" ORDER BY created_at DESC[0m
  ↳ app/views/projects/index.html.erb:2
  Rendered projects/index.html.erb within layouts/application (Duration: 3.9ms | Allocations: 771)
[Webpacker] Everything's up-to-date. Nothing to do
  Rendered layout layouts/application.html.erb (Duration: 10.5ms | Allocations: 4176)
Completed 200 OK in 16ms (Views: 10.1ms | ActiveRecord: 1.5ms | Allocations: 5353)


Started GET "/projects/new" for 127.0.0.1 at 2021-07-15 12:17:39 +0530
Processing by ProjectsController#new as HTML
  Rendering layout layouts/application.html.erb
  Rendering projects/new.html.erb within layouts/application
  Rendered projects/_form.html.erb (Duration: 17.3ms | Allocations: 3259)
  Rendered projects/new.html.erb within layouts/application (Duration: 18.3ms | Allocations: 3353)
  Rendered layout layouts/application.html.erb (Duration: 18.8ms | Allocations: 3421)
Completed 500 Internal Server Error in 27ms (ActiveRecord: 0.0ms | Allocations: 4245)


  
ActionView::Template::Error (undefined method `ongoing' for #<Project id: nil, title: nil, created_at: nil, updated_at: nil>):
     6: 
     7:   <div class="form-group">
     8:     <%= f.label :ongoing %>
     9:     <%= f.check_box :ongoing %>
    10:   </div>
    11: <%= f.submit 'Post', class: 'btn btn-primary' %>
    12: <% end %>
  
app/views/projects/_form.html.erb:9
app/views/projects/_form.html.erb:1
app/views/projects/new.html.erb:2
Started GET "/projects" for 127.0.0.1 at 2021-07-15 12:18:13 +0530
Processing by ProjectsController#index as HTML
  Rendering layout layouts/application.html.erb
  Rendering projects/index.html.erb within layouts/application
  [1m[36mProject Load (1.1ms)[0m  [1m[34mSELECT "projects".* FROM "projects" ORDER BY created_at DESC[0m
  ↳ app/views/projects/index.html.erb:2
  Rendered projects/index.html.erb within layouts/application (Duration: 2.3ms | Allocations: 694)
[Webpacker] Everything's up-to-date. Nothing to do
  Rendered layout layouts/application.html.erb (Duration: 8.6ms | Allocations: 3951)
Completed 200 OK in 13ms (Views: 8.3ms | ActiveRecord: 1.1ms | Allocations: 4955)


Started PATCH "/sessions/1" for 127.0.0.1 at 2021-07-15 12:18:15 +0530
Processing by SessionsController#update as HTML
  Parameters: {"authenticity_token"=>"[FILTERED]", "id"=>"1"}
Redirected to http://localhost:3000/
Completed 302 Found in 4ms (ActiveRecord: 0.0ms | Allocations: 338)


Started GET "/" for 127.0.0.1 at 2021-07-15 12:18:15 +0530
Processing by PagesController#index as HTML
  Rendering layout layouts/application.html.erb
  Rendering pages/index.html.erb within layouts/application
  Rendered pages/index.html.erb within layouts/application (Duration: 0.7ms | Allocations: 197)
[Webpacker] Everything's up-to-date. Nothing to do
  Rendered layout layouts/application.html.erb (Duration: 6.4ms | Allocations: 3413)
Completed 200 OK in 8ms (Views: 7.1ms | ActiveRecord: 0.0ms | Allocations: 3879)


Started PATCH "/sessions/2" for 127.0.0.1 at 2021-07-15 12:18:17 +0530
Processing by SessionsController#update as HTML
  Parameters: {"authenticity_token"=>"[FILTERED]", "id"=>"2"}
Redirected to http://localhost:3000/
Completed 302 Found in 2ms (ActiveRecord: 0.0ms | Allocations: 325)


Started GET "/" for 127.0.0.1 at 2021-07-15 12:18:17 +0530
Processing by PagesController#index as HTML
  Rendering layout layouts/application.html.erb
  Rendering pages/index.html.erb within layouts/application
  Rendered pages/index.html.erb within layouts/application (Duration: 0.5ms | Allocations: 217)
[Webpacker] Everything's up-to-date. Nothing to do
  Rendered layout layouts/application.html.erb (Duration: 6.6ms | Allocations: 3457)
Completed 200 OK in 8ms (Views: 7.3ms | ActiveRecord: 0.0ms | Allocations: 3922)


Started GET "/projects/new" for 127.0.0.1 at 2021-07-15 12:18:20 +0530
Processing by ProjectsController#new as HTML
  Rendering layout layouts/application.html.erb
  Rendering projects/new.html.erb within layouts/application
  Rendered projects/_form.html.erb (Duration: 10.1ms | Allocations: 3210)
  Rendered projects/new.html.erb within layouts/application (Duration: 10.5ms | Allocations: 3304)
  Rendered layout layouts/application.html.erb (Duration: 10.8ms | Allocations: 3372)
Completed 500 Internal Server Error in 16ms (ActiveRecord: 0.0ms | Allocations: 4242)


  
ActionView::Template::Error (undefined method `ongoing' for #<Project id: nil, title: nil, created_at: nil, updated_at: nil>):
     6: 
     7:   <div class="form-group">
     8:     <%= f.label :ongoing %>
     9:     <%= f.check_box :ongoing %>
    10:   </div>
    11: <%= f.submit 'Post', class: 'btn btn-primary' %>
    12: <% end %>
  
app/views/projects/_form.html.erb:9
app/views/projects/_form.html.erb:1
app/views/projects/new.html.erb:2
  [1m[35m (0.2ms)[0m  [1m[34mSELECT pg_try_advisory_lock(6190498489444714830)[0m
  [1m[35m (0.3ms)[0m  [1m[34mSELECT "schema_migrations"."version" FROM "schema_migrations" ORDER BY "schema_migrations"."version" ASC[0m
Migrating to AddOngoingTo (20210715065052)
  [1m[36mTRANSACTION (0.2ms)[0m  [1m[35mBEGIN[0m
  [1m[36mActiveRecord::SchemaMigration Create (0.3ms)[0m  [1m[32mINSERT INTO "schema_migrations" ("version") VALUES ($1) RETURNING "version"[0m  [["version", "20210715065052"]]
  [1m[36mTRANSACTION (2.8ms)[0m  [1m[35mCOMMIT[0m
  [1m[36mActiveRecord::InternalMetadata Load (1.0ms)[0m  [1m[34mSELECT "ar_internal_metadata".* FROM "ar_internal_metadata" WHERE "ar_internal_metadata"."key" = $1 LIMIT $2[0m  [["key", "environment"], ["LIMIT", 1]]
  [1m[35m (0.7ms)[0m  [1m[34mSELECT pg_advisory_unlock(6190498489444714830)[0m
  [1m[35m (0.6ms)[0m  [1m[34mSELECT "schema_migrations"."version" FROM "schema_migrations" ORDER BY "schema_migrations"."version" ASC[0m
Started GET "/" for 127.0.0.1 at 2021-07-15 12:21:23 +0530
  [1m[35m (0.8ms)[0m  [1m[34mSELECT "schema_migrations"."version" FROM "schema_migrations" ORDER BY "schema_migrations"."version" ASC[0m
Processing by PagesController#index as HTML
  Rendering layout layouts/application.html.erb
  Rendering pages/index.html.erb within layouts/application
  Rendered pages/index.html.erb within layouts/application (Duration: 17.8ms | Allocations: 2477)
[Webpacker] Everything's up-to-date. Nothing to do
  Rendered layout layouts/application.html.erb (Duration: 29.2ms | Allocations: 9520)
Completed 200 OK in 38ms (Views: 16.2ms | ActiveRecord: 15.0ms | Allocations: 13227)


Started GET "/projects/new" for 127.0.0.1 at 2021-07-15 12:21:26 +0530
Processing by ProjectsController#new as HTML
  Rendering layout layouts/application.html.erb
  Rendering projects/new.html.erb within layouts/application
  Rendered projects/_form.html.erb (Duration: 12.5ms | Allocations: 5971)
  Rendered projects/new.html.erb within layouts/application (Duration: 14.0ms | Allocations: 6354)
  Rendered layout layouts/application.html.erb (Duration: 14.3ms | Allocations: 6429)
Completed 500 Internal Server Error in 32ms (ActiveRecord: 5.4ms | Allocations: 11229)


  
ActionView::Template::Error (undefined method `ongoing' for #<Project id: nil, title: nil, created_at: nil, updated_at: nil>):
     6: 
     7:   <div class="form-group">
     8:     <%= f.label :ongoing %>
     9:     <%= f.check_box :ongoing %>
    10:   </div>
    11: <%= f.submit 'Post', class: 'btn btn-primary' %>
    12: <% end %>
  
app/views/projects/_form.html.erb:9
app/views/projects/_form.html.erb:1
app/views/projects/new.html.erb:2
  [1m[35m (0.4ms)[0m  [1m[34mSELECT "schema_migrations"."version" FROM "schema_migrations" ORDER BY "schema_migrations"."version" ASC[0m
  [1m[35m (0.3ms)[0m  [1m[34mSELECT "schema_migrations"."version" FROM "schema_migrations" ORDER BY "schema_migrations"."version" ASC[0m
  [1m[35m (0.2ms)[0m  [1m[34mSELECT "schema_migrations"."version" FROM "schema_migrations" ORDER BY "schema_migrations"."version" ASC[0m
  [1m[35m (0.1ms)[0m  [1m[34mSELECT pg_try_advisory_lock(6190498489444714830)[0m
  [1m[35m (0.2ms)[0m  [1m[34mSELECT "schema_migrations"."version" FROM "schema_migrations" ORDER BY "schema_migrations"."version" ASC[0m
Migrating to AddOngoingTo (20210715065052)
  [1m[36mTRANSACTION (0.2ms)[0m  [1m[35mBEGIN[0m
  [1m[36mActiveRecord::SchemaMigration Destroy (0.4ms)[0m  [1m[31mDELETE FROM "schema_migrations" WHERE "schema_migrations"."version" = $1[0m  [["version", "20210715065052"]]
  [1m[36mTRANSACTION (1.1ms)[0m  [1m[35mCOMMIT[0m
  [1m[35m (0.2ms)[0m  [1m[34mSELECT pg_advisory_unlock(6190498489444714830)[0m
  [1m[35m (0.4ms)[0m  [1m[34mSELECT "schema_migrations"."version" FROM "schema_migrations" ORDER BY "schema_migrations"."version" ASC[0m
  [1m[35m (0.2ms)[0m  [1m[34mSELECT pg_try_advisory_lock(6190498489444714830)[0m
  [1m[35m (0.9ms)[0m  [1m[34mSELECT "schema_migrations"."version" FROM "schema_migrations" ORDER BY "schema_migrations"."version" ASC[0m
  [1m[36mActiveRecord::InternalMetadata Load (0.2ms)[0m  [1m[34mSELECT "ar_internal_metadata".* FROM "ar_internal_metadata" WHERE "ar_internal_metadata"."key" = $1 LIMIT $2[0m  [["key", "environment"], ["LIMIT", 1]]
  [1m[35m (0.4ms)[0m  [1m[34mSELECT pg_advisory_unlock(6190498489444714830)[0m
  [1m[35m (0.7ms)[0m  [1m[34mSELECT "schema_migrations"."version" FROM "schema_migrations" ORDER BY "schema_migrations"."version" ASC[0m
  [1m[35m (0.2ms)[0m  [1m[34mSELECT pg_try_advisory_lock(6190498489444714830)[0m
  [1m[35m (0.4ms)[0m  [1m[34mSELECT "schema_migrations"."version" FROM "schema_migrations" ORDER BY "schema_migrations"."version" ASC[0m
Migrating to AddOngoingTo (20210715065317)
  [1m[36mTRANSACTION (0.2ms)[0m  [1m[35mBEGIN[0m
  [1m[36mActiveRecord::SchemaMigration Create (0.2ms)[0m  [1m[32mINSERT INTO "schema_migrations" ("version") VALUES ($1) RETURNING "version"[0m  [["version", "20210715065317"]]
  [1m[36mTRANSACTION (4.9ms)[0m  [1m[35mCOMMIT[0m
  [1m[36mActiveRecord::InternalMetadata Load (0.3ms)[0m  [1m[34mSELECT "ar_internal_metadata".* FROM "ar_internal_metadata" WHERE "ar_internal_metadata"."key" = $1 LIMIT $2[0m  [["key", "environment"], ["LIMIT", 1]]
  [1m[35m (0.2ms)[0m  [1m[34mSELECT pg_advisory_unlock(6190498489444714830)[0m
  [1m[35m (0.6ms)[0m  [1m[34mSELECT "schema_migrations"."version" FROM "schema_migrations" ORDER BY "schema_migrations"."version" ASC[0m
Started GET "/" for 127.0.0.1 at 2021-07-15 12:23:32 +0530
  [1m[35m (0.8ms)[0m  [1m[34mSELECT "schema_migrations"."version" FROM "schema_migrations" ORDER BY "schema_migrations"."version" ASC[0m
Processing by PagesController#index as HTML
  Rendering layout layouts/application.html.erb
  Rendering pages/index.html.erb within layouts/application
  Rendered pages/index.html.erb within layouts/application (Duration: 18.9ms | Allocations: 2477)
[Webpacker] Everything's up-to-date. Nothing to do
  Rendered layout layouts/application.html.erb (Duration: 30.9ms | Allocations: 9520)
Completed 200 OK in 40ms (Views: 17.8ms | ActiveRecord: 15.1ms | Allocations: 13227)


Started GET "/projects/new" for 127.0.0.1 at 2021-07-15 12:23:34 +0530
Processing by ProjectsController#new as HTML
  Rendering layout layouts/application.html.erb
  Rendering projects/new.html.erb within layouts/application
  Rendered projects/_form.html.erb (Duration: 11.4ms | Allocations: 5971)
  Rendered projects/new.html.erb within layouts/application (Duration: 13.1ms | Allocations: 6354)
  Rendered layout layouts/application.html.erb (Duration: 13.3ms | Allocations: 6429)
Completed 500 Internal Server Error in 36ms (ActiveRecord: 7.2ms | Allocations: 11229)


  
ActionView::Template::Error (undefined method `ongoing' for #<Project id: nil, title: nil, created_at: nil, updated_at: nil>):
     6: 
     7:   <div class="form-group">
     8:     <%= f.label :ongoing %>
     9:     <%= f.check_box :ongoing %>
    10:   </div>
    11: <%= f.submit 'Post', class: 'btn btn-primary' %>
    12: <% end %>
  
app/views/projects/_form.html.erb:9
app/views/projects/_form.html.erb:1
app/views/projects/new.html.erb:2
  [1m[35m (0.4ms)[0m  [1m[34mSELECT "schema_migrations"."version" FROM "schema_migrations" ORDER BY "schema_migrations"."version" ASC[0m
  [1m[35m (0.3ms)[0m  [1m[34mSELECT "schema_migrations"."version" FROM "schema_migrations" ORDER BY "schema_migrations"."version" ASC[0m
  [1m[35m (0.6ms)[0m  [1m[34mSELECT "schema_migrations"."version" FROM "schema_migrations" ORDER BY "schema_migrations"."version" ASC[0m
  [1m[35m (0.5ms)[0m  [1m[34mSELECT "schema_migrations"."version" FROM "schema_migrations" ORDER BY "schema_migrations"."version" ASC[0m
  [1m[35m (0.4ms)[0m  [1m[34mSELECT "schema_migrations"."version" FROM "schema_migrations" ORDER BY "schema_migrations"."version" ASC[0m
  [1m[35m (0.2ms)[0m  [1m[34mSELECT pg_try_advisory_lock(6190498489444714830)[0m
  [1m[35m (0.2ms)[0m  [1m[34mSELECT "schema_migrations"."version" FROM "schema_migrations" ORDER BY "schema_migrations"."version" ASC[0m
Migrating to AddOngoingTo (20210715065317)
  [1m[36mTRANSACTION (0.3ms)[0m  [1m[35mBEGIN[0m
  [1m[36mActiveRecord::SchemaMigration Destroy (0.6ms)[0m  [1m[31mDELETE FROM "schema_migrations" WHERE "schema_migrations"."version" = $1[0m  [["version", "20210715065317"]]
  [1m[36mTRANSACTION (3.2ms)[0m  [1m[35mCOMMIT[0m
  [1m[35m (0.2ms)[0m  [1m[34mSELECT pg_advisory_unlock(6190498489444714830)[0m
  [1m[35m (1.3ms)[0m  [1m[34mSELECT "schema_migrations"."version" FROM "schema_migrations" ORDER BY "schema_migrations"."version" ASC[0m
  [1m[35m (0.4ms)[0m  [1m[34mSELECT "schema_migrations"."version" FROM "schema_migrations" ORDER BY "schema_migrations"."version" ASC[0m
  [1m[35m (0.3ms)[0m  [1m[34mSELECT "schema_migrations"."version" FROM "schema_migrations" ORDER BY "schema_migrations"."version" ASC[0m
  [1m[35m (0.2ms)[0m  [1m[34mSELECT "schema_migrations"."version" FROM "schema_migrations" ORDER BY "schema_migrations"."version" ASC[0m
  [1m[35m (0.2ms)[0m  [1m[34mSELECT pg_try_advisory_lock(6190498489444714830)[0m
  [1m[35m (0.2ms)[0m  [1m[34mSELECT "schema_migrations"."version" FROM "schema_migrations" ORDER BY "schema_migrations"."version" ASC[0m
Migrating to AddOngoingToProjects (20210715062718)
  [1m[36mTRANSACTION (0.2ms)[0m  [1m[35mBEGIN[0m
  [1m[36mActiveRecord::SchemaMigration Destroy (0.3ms)[0m  [1m[31mDELETE FROM "schema_migrations" WHERE "schema_migrations"."version" = $1[0m  [["version", "20210715062718"]]
  [1m[36mTRANSACTION (1.3ms)[0m  [1m[35mCOMMIT[0m
  [1m[35m (0.2ms)[0m  [1m[34mSELECT pg_advisory_unlock(6190498489444714830)[0m
  [1m[35m (0.4ms)[0m  [1m[34mSELECT "schema_migrations"."version" FROM "schema_migrations" ORDER BY "schema_migrations"."version" ASC[0m
  [1m[35m (0.4ms)[0m  [1m[34mSELECT "schema_migrations"."version" FROM "schema_migrations" ORDER BY "schema_migrations"."version" ASC[0m
  [1m[35m (0.2ms)[0m  [1m[34mSELECT pg_try_advisory_lock(6190498489444714830)[0m
  [1m[35m (0.4ms)[0m  [1m[34mSELECT "schema_migrations"."version" FROM "schema_migrations" ORDER BY "schema_migrations"."version" ASC[0m
Migrating to AddOngoingToProjects (20210715062718)
  [1m[36mTRANSACTION (0.2ms)[0m  [1m[35mBEGIN[0m
  [1m[35m (47.6ms)[0m  [1m[35mALTER TABLE "projects" ADD "ongoing" boolean DEFAULT TRUE[0m
  [1m[35m (4.8ms)[0m  [1m[35mCREATE INDEX "index_projects_on_ongoing" ON "projects" ("ongoing")[0m
  [1m[36mActiveRecord::SchemaMigration Create (1.1ms)[0m  [1m[32mINSERT INTO "schema_migrations" ("version") VALUES ($1) RETURNING "version"[0m  [["version", "20210715062718"]]
  [1m[36mTRANSACTION (1.9ms)[0m  [1m[35mCOMMIT[0m
Migrating to AddOngoingTo (20210715065317)
  [1m[36mTRANSACTION (0.4ms)[0m  [1m[35mBEGIN[0m
  [1m[36mActiveRecord::SchemaMigration Create (0.5ms)[0m  [1m[32mINSERT INTO "schema_migrations" ("version") VALUES ($1) RETURNING "version"[0m  [["version", "20210715065317"]]
  [1m[36mTRANSACTION (1.4ms)[0m  [1m[35mCOMMIT[0m
  [1m[36mActiveRecord::InternalMetadata Load (1.0ms)[0m  [1m[34mSELECT "ar_internal_metadata".* FROM "ar_internal_metadata" WHERE "ar_internal_metadata"."key" = $1 LIMIT $2[0m  [["key", "environment"], ["LIMIT", 1]]
  [1m[35m (0.4ms)[0m  [1m[34mSELECT pg_advisory_unlock(6190498489444714830)[0m
  [1m[35m (0.8ms)[0m  [1m[34mSELECT "schema_migrations"."version" FROM "schema_migrations" ORDER BY "schema_migrations"."version" ASC[0m
Started GET "/" for 127.0.0.1 at 2021-07-15 12:31:11 +0530
  [1m[35m (1.0ms)[0m  [1m[34mSELECT "schema_migrations"."version" FROM "schema_migrations" ORDER BY "schema_migrations"."version" ASC[0m
Processing by PagesController#index as HTML
  Rendering layout layouts/application.html.erb
  Rendering pages/index.html.erb within layouts/application
  Rendered pages/index.html.erb within layouts/application (Duration: 16.8ms | Allocations: 2480)
[Webpacker] Everything's up-to-date. Nothing to do
  Rendered layout layouts/application.html.erb (Duration: 29.5ms | Allocations: 9523)
Completed 200 OK in 39ms (Views: 28.9ms | ActiveRecord: 2.9ms | Allocations: 13236)


Started GET "/projects/new" for 127.0.0.1 at 2021-07-15 12:31:14 +0530
Processing by ProjectsController#new as HTML
  Rendering layout layouts/application.html.erb
  Rendering projects/new.html.erb within layouts/application
  Rendered projects/_form.html.erb (Duration: 3.4ms | Allocations: 3013)
  Rendered projects/new.html.erb within layouts/application (Duration: 4.3ms | Allocations: 3388)
[Webpacker] Everything's up-to-date. Nothing to do
  Rendered layout layouts/application.html.erb (Duration: 10.0ms | Allocations: 6868)
Completed 200 OK in 26ms (Views: 11.3ms | ActiveRecord: 5.3ms | Allocations: 12180)


Started GET "/" for 127.0.0.1 at 2021-07-18 19:31:05 +0530
  [1m[35m (1.5ms)[0m  [1m[34mSELECT "schema_migrations"."version" FROM "schema_migrations" ORDER BY "schema_migrations"."version" ASC[0m
Processing by PagesController#index as HTML
  Rendering layout layouts/application.html.erb
  Rendering pages/index.html.erb within layouts/application
  Rendered pages/index.html.erb within layouts/application (Duration: 7.7ms | Allocations: 2164)
[Webpacker] Everything's up-to-date. Nothing to do
  Rendered layout layouts/application.html.erb (Duration: 23.7ms | Allocations: 9307)
Completed 200 OK in 34ms (Views: 22.9ms | ActiveRecord: 3.6ms | Allocations: 12893)


Started PATCH "/sessions/0" for 127.0.0.1 at 2021-07-18 19:31:08 +0530
Processing by SessionsController#update as HTML
  Parameters: {"authenticity_token"=>"[FILTERED]", "id"=>"0"}
Redirected to http://localhost:3000/
Completed 302 Found in 1ms (ActiveRecord: 0.0ms | Allocations: 630)


Started GET "/" for 127.0.0.1 at 2021-07-18 19:31:08 +0530
Processing by PagesController#index as HTML
  Rendering layout layouts/application.html.erb
  Rendering pages/index.html.erb within layouts/application
  Rendered pages/index.html.erb within layouts/application (Duration: 0.1ms | Allocations: 111)
[Webpacker] Everything's up-to-date. Nothing to do
  Rendered layout layouts/application.html.erb (Duration: 3.8ms | Allocations: 3472)
Completed 200 OK in 5ms (Views: 4.2ms | ActiveRecord: 0.0ms | Allocations: 3983)


Started PATCH "/sessions/1" for 127.0.0.1 at 2021-07-18 19:31:10 +0530
Processing by SessionsController#update as HTML
  Parameters: {"authenticity_token"=>"[FILTERED]", "id"=>"1"}
Redirected to http://localhost:3000/
Completed 302 Found in 2ms (ActiveRecord: 0.0ms | Allocations: 325)


Started GET "/" for 127.0.0.1 at 2021-07-18 19:31:10 +0530
Processing by PagesController#index as HTML
  Rendering layout layouts/application.html.erb
  Rendering pages/index.html.erb within layouts/application
  Rendered pages/index.html.erb within layouts/application (Duration: 1.2ms | Allocations: 300)
[Webpacker] Everything's up-to-date. Nothing to do
  Rendered layout layouts/application.html.erb (Duration: 8.0ms | Allocations: 3515)
Completed 200 OK in 10ms (Views: 9.1ms | ActiveRecord: 0.0ms | Allocations: 3980)


Started GET "/projects" for 127.0.0.1 at 2021-07-18 19:31:13 +0530
Processing by ProjectsController#index as HTML
  Rendering layout layouts/application.html.erb
  Rendering projects/index.html.erb within layouts/application
  [1m[36mProject Load (2.2ms)[0m  [1m[34mSELECT "projects".* FROM "projects" WHERE "projects"."ongoing" = $1 ORDER BY created_at DESC[0m  [["ongoing", true]]
  ↳ app/views/projects/index.html.erb:2
  Rendered projects/index.html.erb within layouts/application (Duration: 6.0ms | Allocations: 1647)
[Webpacker] Everything's up-to-date. Nothing to do
  Rendered layout layouts/application.html.erb (Duration: 10.9ms | Allocations: 5172)
Completed 200 OK in 23ms (Views: 10.2ms | ActiveRecord: 6.0ms | Allocations: 8029)


Started PATCH "/sessions/2" for 127.0.0.1 at 2021-07-18 19:31:15 +0530
Processing by SessionsController#update as HTML
  Parameters: {"authenticity_token"=>"[FILTERED]", "id"=>"2"}
Redirected to http://localhost:3000/
Completed 302 Found in 2ms (ActiveRecord: 0.0ms | Allocations: 376)


Started GET "/" for 127.0.0.1 at 2021-07-18 19:31:15 +0530
Processing by PagesController#index as HTML
  Rendering layout layouts/application.html.erb
  Rendering pages/index.html.erb within layouts/application
  Rendered pages/index.html.erb within layouts/application (Duration: 0.4ms | Allocations: 227)
[Webpacker] Everything's up-to-date. Nothing to do
  Rendered layout layouts/application.html.erb (Duration: 5.1ms | Allocations: 3473)
Completed 200 OK in 6ms (Views: 5.6ms | ActiveRecord: 0.0ms | Allocations: 3968)


Started GET "/projects" for 127.0.0.1 at 2021-07-18 19:31:16 +0530
Processing by ProjectsController#index as HTML
  Rendering layout layouts/application.html.erb
  Rendering projects/index.html.erb within layouts/application
  [1m[36mProject Load (1.6ms)[0m  [1m[34mSELECT "projects".* FROM "projects" ORDER BY created_at DESC[0m
  ↳ app/views/projects/index.html.erb:2
  Rendered projects/index.html.erb within layouts/application (Duration: 3.5ms | Allocations: 696)
[Webpacker] Everything's up-to-date. Nothing to do
  Rendered layout layouts/application.html.erb (Duration: 10.5ms | Allocations: 3940)
Completed 200 OK in 16ms (Views: 9.7ms | ActiveRecord: 1.6ms | Allocations: 5025)


Started GET "/projects/new" for 127.0.0.1 at 2021-07-18 19:31:18 +0530
Processing by ProjectsController#new as HTML
  Rendering layout layouts/application.html.erb
  Rendering projects/new.html.erb within layouts/application
  Rendered projects/_form.html.erb (Duration: 5.4ms | Allocations: 2973)
  Rendered projects/new.html.erb within layouts/application (Duration: 6.5ms | Allocations: 3328)
[Webpacker] Everything's up-to-date. Nothing to do
  Rendered layout layouts/application.html.erb (Duration: 11.5ms | Allocations: 6725)
Completed 200 OK in 27ms (Views: 12.4ms | ActiveRecord: 5.4ms | Allocations: 10645)


Started POST "/projects" for 127.0.0.1 at 2021-07-18 19:31:25 +0530
Processing by ProjectsController#create as HTML
  Parameters: {"authenticity_token"=>"[FILTERED]", "project"=>{"title"=>"Pargo", "ongoing"=>"1"}, "commit"=>"Post"}
  [1m[36mTRANSACTION (2.9ms)[0m  [1m[35mBEGIN[0m
  ↳ app/controllers/projects_controller.rb:15:in `create'
  [1m[36mProject Create (18.4ms)[0m  [1m[32mINSERT INTO "projects" ("title", "created_at", "updated_at") VALUES ($1, $2, $3) RETURNING "id"[0m  [["title", "Pargo"], ["created_at", "2021-07-18 14:01:25.942337"], ["updated_at", "2021-07-18 14:01:25.942337"]]
  ↳ app/controllers/projects_controller.rb:15:in `create'
  [1m[36mTRANSACTION (3.3ms)[0m  [1m[35mCOMMIT[0m
  ↳ app/controllers/projects_controller.rb:15:in `create'
Redirected to http://localhost:3000/
Completed 302 Found in 44ms (ActiveRecord: 24.6ms | Allocations: 3801)


Started GET "/" for 127.0.0.1 at 2021-07-18 19:31:25 +0530
Processing by PagesController#index as HTML
  Rendering layout layouts/application.html.erb
  Rendering pages/index.html.erb within layouts/application
  Rendered pages/index.html.erb within layouts/application (Duration: 0.5ms | Allocations: 215)
[Webpacker] Everything's up-to-date. Nothing to do
  Rendered layout layouts/application.html.erb (Duration: 7.0ms | Allocations: 3456)
Completed 200 OK in 8ms (Views: 7.6ms | ActiveRecord: 0.0ms | Allocations: 3950)


Started GET "/projects" for 127.0.0.1 at 2021-07-18 19:31:29 +0530
Processing by ProjectsController#index as HTML
  Rendering layout layouts/application.html.erb
  Rendering projects/index.html.erb within layouts/application
  [1m[36mProject Load (3.1ms)[0m  [1m[34mSELECT "projects".* FROM "projects" ORDER BY created_at DESC[0m
  ↳ app/views/projects/index.html.erb:2
  Rendered projects/index.html.erb within layouts/application (Duration: 8.5ms | Allocations: 978)
[Webpacker] Everything's up-to-date. Nothing to do
  Rendered layout layouts/application.html.erb (Duration: 18.4ms | Allocations: 4206)
Completed 200 OK in 27ms (Views: 16.5ms | ActiveRecord: 3.1ms | Allocations: 5283)


Started GET "/projects/1/edit" for 127.0.0.1 at 2021-07-18 19:31:30 +0530
Processing by ProjectsController#edit as HTML
  Parameters: {"id"=>"1"}
  [1m[36mProject Load (1.2ms)[0m  [1m[34mSELECT "projects".* FROM "projects" WHERE "projects"."id" = $1 LIMIT $2[0m  [["id", 1], ["LIMIT", 1]]
  Rendering layout layouts/application.html.erb
  Rendering projects/edit.html.erb within layouts/application
  Rendered projects/_form.html.erb (Duration: 1.2ms | Allocations: 674)
  Rendered projects/edit.html.erb within layouts/application (Duration: 2.6ms | Allocations: 868)
[Webpacker] Everything's up-to-date. Nothing to do
  Rendered layout layouts/application.html.erb (Duration: 8.4ms | Allocations: 4082)
Completed 200 OK in 20ms (Views: 9.0ms | ActiveRecord: 2.5ms | Allocations: 6418)


Started PATCH "/projects/1" for 127.0.0.1 at 2021-07-18 19:31:32 +0530
Processing by ProjectsController#update as HTML
  Parameters: {"authenticity_token"=>"[FILTERED]", "project"=>{"title"=>"Pargo", "ongoing"=>"1"}, "commit"=>"Post", "id"=>"1"}
  [1m[36mProject Load (2.0ms)[0m  [1m[34mSELECT "projects".* FROM "projects" WHERE "projects"."id" = $1 LIMIT $2[0m  [["id", 1], ["LIMIT", 1]]
Redirected to http://localhost:3000/
Completed 302 Found in 13ms (ActiveRecord: 2.0ms | Allocations: 1869)


Started GET "/" for 127.0.0.1 at 2021-07-18 19:31:32 +0530
Processing by PagesController#index as HTML
  Rendering layout layouts/application.html.erb
  Rendering pages/index.html.erb within layouts/application
  Rendered pages/index.html.erb within layouts/application (Duration: 0.4ms | Allocations: 214)
[Webpacker] Everything's up-to-date. Nothing to do
  Rendered layout layouts/application.html.erb (Duration: 6.1ms | Allocations: 3453)
Completed 200 OK in 7ms (Views: 6.7ms | ActiveRecord: 0.0ms | Allocations: 3918)


